# JRE version: Java(TM) SE Runtime Environment (8.0_45-b15) (build 1.8.0_45-b15)
# Java VM: Java HotSpot(TM) 64-Bit Server VM (25.45-b02 mixed mode windows-amd64 compressed oops)
Heap:
 PSYoungGen      total 38400K, used 1997K [0x00000000d5a00000, 0x00000000d8480000, 0x0000000100000000)
  eden space 33280K, 6% used [0x00000000d5a00000,0x00000000d5bf3408,0x00000000d7a80000)
  from space 5120K, 0% used [0x00000000d7f80000,0x00000000d7f80000,0x00000000d8480000)
  to   space 5120K, 0% used [0x00000000d7a80000,0x00000000d7a80000,0x00000000d7f80000)
 ParOldGen       total 87552K, used 1867K [0x0000000080e00000, 0x0000000086380000, 0x00000000d5a00000)
  object space 87552K, 2% used [0x0000000080e00000,0x0000000080fd2f38,0x0000000086380000)
 Metaspace       used 4583K, capacity 5324K, committed 5504K, reserved 1056768K
  class space    used 506K, capacity 564K, committed 640K, reserved 1048576K
GC Heap History (8 events):
Event: 9.952 GC heap before
{Heap before GC invocations=1 (full 0):
 PSYoungGen      total 38400K, used 9116K [0x00000000d5a00000, 0x00000000d8480000, 0x0000000100000000)
  eden space 33280K, 27% used [0x00000000d5a00000,0x00000000d62e7230,0x00000000d7a80000)
  from space 5120K, 0% used [0x00000000d7f80000,0x00000000d7f80000,0x00000000d8480000)
  to   space 5120K, 0% used [0x00000000d7a80000,0x00000000d7a80000,0x00000000d7f80000)
 ParOldGen       total 87552K, used 0K [0x0000000080e00000, 0x0000000086380000, 0x00000000d5a00000)
  object space 87552K, 0% used [0x0000000080e00000,0x0000000080e00000,0x0000000086380000)
 Metaspace       used 3773K, capacity 4780K, committed 4864K, reserved 1056768K
  class space    used 418K, capacity 468K, committed 512K, reserved 1048576K
Event: 9.955 GC heap after
Heap after GC invocations=1 (full 0):
 PSYoungGen      total 38400K, used 998K [0x00000000d5a00000, 0x00000000d8480000, 0x0000000100000000)
  eden space 33280K, 0% used [0x00000000d5a00000,0x00000000d5a00000,0x00000000d7a80000)
  from space 5120K, 19% used [0x00000000d7a80000,0x00000000d7b79810,0x00000000d7f80000)
  to   space 5120K, 0% used [0x00000000d7f80000,0x00000000d7f80000,0x00000000d8480000)
 ParOldGen       total 87552K, used 5128K [0x0000000080e00000, 0x0000000086380000, 0x00000000d5a00000)
  object space 87552K, 5% used [0x0000000080e00000,0x0000000081302010,0x0000000086380000)
 Metaspace       used 3773K, capacity 4780K, committed 4864K, reserved 1056768K
  class space    used 418K, capacity 468K, committed 512K, reserved 1048576K
}
Event: 9.955 GC heap before
{Heap before GC invocations=2 (full 1):
 PSYoungGen      total 38400K, used 998K [0x00000000d5a00000, 0x00000000d8480000, 0x0000000100000000)
  eden space 33280K, 0% used [0x00000000d5a00000,0x00000000d5a00000,0x00000000d7a80000)
  from space 5120K, 19% used [0x00000000d7a80000,0x00000000d7b79810,0x00000000d7f80000)
  to   space 5120K, 0% used [0x00000000d7f80000,0x00000000d7f80000,0x00000000d8480000)
 ParOldGen       total 87552K, used 5128K [0x0000000080e00000, 0x0000000086380000, 0x00000000d5a00000)
  object space 87552K, 5% used [0x0000000080e00000,0x0000000081302010,0x0000000086380000)
 Metaspace       used 3773K, capacity 4780K, committed 4864K, reserved 1056768K
  class space    used 418K, capacity 468K, committed 512K, reserved 1048576K
Event: 9.960 GC heap after
Heap after GC invocations=2 (full 1):
 PSYoungGen      total 38400K, used 0K [0x00000000d5a00000, 0x00000000d8480000, 0x0000000100000000)
  eden space 33280K, 0% used [0x00000000d5a00000,0x00000000d5a00000,0x00000000d7a80000)
  from space 5120K, 0% used [0x00000000d7a80000,0x00000000d7a80000,0x00000000d7f80000)
  to   space 5120K, 0% used [0x00000000d7f80000,0x00000000d7f80000,0x00000000d8480000)
 ParOldGen       total 87552K, used 5966K [0x0000000080e00000, 0x0000000086380000, 0x00000000d5a00000)
  object space 87552K, 6% used [0x0000000080e00000,0x00000000813d3b40,0x0000000086380000)
 Metaspace       used 3773K, capacity 4780K, committed 4864K, reserved 1056768K
  class space    used 418K, capacity 468K, committed 512K, reserved 1048576K
}
Event: 10.018 GC heap before
{Heap before GC invocations=3 (full 1):
 PSYoungGen      total 38400K, used 3994K [0x00000000d5a00000, 0x00000000d8480000, 0x0000000100000000)
  eden space 33280K, 12% used [0x00000000d5a00000,0x00000000d5de6a08,0x00000000d7a80000)
  from space 5120K, 0% used [0x00000000d7a80000,0x00000000d7a80000,0x00000000d7f80000)
  to   space 5120K, 0% used [0x00000000d7f80000,0x00000000d7f80000,0x00000000d8480000)
 ParOldGen       total 87552K, used 5966K [0x0000000080e00000, 0x0000000086380000, 0x00000000d5a00000)
  object space 87552K, 6% used [0x0000000080e00000,0x00000000813d3b40,0x0000000086380000)
 Metaspace       used 4420K, capacity 5196K, committed 5376K, reserved 1056768K
  class space    used 491K, capacity 500K, committed 512K, reserved 1048576K
Event: 10.019 GC heap after
Heap after GC invocations=3 (full 1):
 PSYoungGen      total 38400K, used 1199K [0x00000000d5a00000, 0x00000000d8480000, 0x0000000100000000)
  eden space 33280K, 0% used [0x00000000d5a00000,0x00000000d5a00000,0x00000000d7a80000)
  from space 5120K, 23% used [0x00000000d7f80000,0x00000000d80abf20,0x00000000d8480000)
  to   space 5120K, 0% used [0x00000000d7a80000,0x00000000d7a80000,0x00000000d7f80000)
 ParOldGen       total 87552K, used 5974K [0x0000000080e00000, 0x0000000086380000, 0x00000000d5a00000)
  object space 87552K, 6% used [0x0000000080e00000,0x00000000813d5b40,0x0000000086380000)
 Metaspace       used 4420K, capacity 5196K, committed 5376K, reserved 1056768K
  class space    used 491K, capacity 500K, committed 512K, reserved 1048576K
}
Event: 10.019 GC heap before
{Heap before GC invocations=4 (full 2):
 PSYoungGen      total 38400K, used 1199K [0x00000000d5a00000, 0x00000000d8480000, 0x0000000100000000)
  eden space 33280K, 0% used [0x00000000d5a00000,0x00000000d5a00000,0x00000000d7a80000)
  from space 5120K, 23% used [0x00000000d7f80000,0x00000000d80abf20,0x00000000d8480000)
  to   space 5120K, 0% used [0x00000000d7a80000,0x00000000d7a80000,0x00000000d7f80000)
 ParOldGen       total 87552K, used 5974K [0x0000000080e00000, 0x0000000086380000, 0x00000000d5a00000)
  object space 87552K, 6% used [0x0000000080e00000,0x00000000813d5b40,0x0000000086380000)
 Metaspace       used 4420K, capacity 5196K, committed 5376K, reserved 1056768K
  class space    used 491K, capacity 500K, committed 512K, reserved 1048576K
Event: 10.027 GC heap after
Heap after GC invocations=4 (full 2):
 PSYoungGen      total 38400K, used 0K [0x00000000d5a00000, 0x00000000d8480000, 0x0000000100000000)
  eden space 33280K, 0% used [0x00000000d5a00000,0x00000000d5a00000,0x00000000d7a80000)
  from space 5120K, 0% used [0x00000000d7f80000,0x00000000d7f80000,0x00000000d8480000)
  to   space 5120K, 0% used [0x00000000d7a80000,0x00000000d7a80000,0x00000000d7f80000)
 ParOldGen       total 87552K, used 1867K [0x0000000080e00000, 0x0000000086380000, 0x00000000d5a00000)
  object space 87552K, 2% used [0x0000000080e00000,0x0000000080fd2f38,0x0000000086380000)
 Metaspace       used 4420K, capacity 5196K, committed 5376K, reserved 1056768K
  class space    used 491K, capacity 500K, committed 512K, reserved 1048576K
}

